<?xml version="1.0" encoding="UTF-8" ?>
<testsuite tests="55" failures="0" name="feature.movie.MovieSearchTest" time="0.005" errors="0" skipped="0">
  <properties>
    <property name="java.runtime.name" value="Java(TM) SE Runtime Environment"/>
    <property name="sun.boot.library.path" value="C:\Program Files\Java\jdk1.8.0_121\jre\bin"/>
    <property name="java.vm.version" value="25.121-b13"/>
    <property name="java.vm.vendor" value="Oracle Corporation"/>
    <property name="maven.multiModuleProjectDirectory" value="C:\Users\tsid14\bdd-training\MovieCatalog"/>
    <property name="java.vendor.url" value="http://java.oracle.com/"/>
    <property name="path.separator" value=";"/>
    <property name="guice.disable.misplaced.annotation.check" value="true"/>
    <property name="java.vm.name" value="Java HotSpot(TM) 64-Bit Server VM"/>
    <property name="file.encoding.pkg" value="sun.io"/>
    <property name="user.script" value=""/>
    <property name="user.country" value="US"/>
    <property name="sun.java.launcher" value="SUN_STANDARD"/>
    <property name="sun.os.patch.level" value="Service Pack 1"/>
    <property name="java.vm.specification.name" value="Java Virtual Machine Specification"/>
    <property name="user.dir" value="C:\Users\tsid14\bdd-training\MovieCatalog"/>
    <property name="java.runtime.version" value="1.8.0_121-b13"/>
    <property name="java.awt.graphicsenv" value="sun.awt.Win32GraphicsEnvironment"/>
    <property name="java.endorsed.dirs" value="C:\Program Files\Java\jdk1.8.0_121\jre\lib\endorsed"/>
    <property name="os.arch" value="amd64"/>
    <property name="java.io.tmpdir" value="C:\Users\tsid14\AppData\Local\Temp\"/>
    <property name="line.separator" value="
"/>
    <property name="java.vm.specification.vendor" value="Oracle Corporation"/>
    <property name="user.variant" value=""/>
    <property name="os.name" value="Windows 7"/>
    <property name="classworlds.conf" value="C:\Users\tsid14\bdd-training\.metadata\.plugins\org.eclipse.m2e.launching\launches\m2conf1061768400005072820.tmp"/>
    <property name="sun.jnu.encoding" value="Cp1252"/>
    <property name="java.library.path" value="C:\Program Files\Java\jdk1.8.0_121\bin;C:\WINDOWS\Sun\Java\bin;C:\WINDOWS\system32;C:\WINDOWS;C:/Program Files/Java/jre1.8.0_121/bin/server;C:/Program Files/Java/jre1.8.0_121/bin;C:/Program Files/Java/jre1.8.0_121/lib/amd64;C:\ProgramData\Oracle\Java\javapath;C:\Program Files\Java\jdk1.8.0_121\bin;C:\users\tsid14\java\apache-maven-3.3.9\bin;C:\Program Files (x86)\RSA SecurID Token Common;C:\WINDOWS\system32;C:\WINDOWS;C:\WINDOWS\System32\Wbem;C:\WINDOWS\System32\WindowsPowerShell\v1.0\;C:\Program Files (x86)\Microsoft Application Virtualization Client;C:\Program Files\Git\cmd;C:\Program Files\nodejs\;C:\Users\tsid14\AppData\Roaming\npm;C:\Users\tsid14\java\eclipse;;."/>
    <property name="java.specification.name" value="Java Platform API Specification"/>
    <property name="java.class.version" value="52.0"/>
    <property name="sun.management.compiler" value="HotSpot 64-Bit Tiered Compilers"/>
    <property name="os.version" value="6.1"/>
    <property name="user.home" value="C:\Users\tsid14"/>
    <property name="user.timezone" value="America/Los_Angeles"/>
    <property name="java.awt.printerjob" value="sun.awt.windows.WPrinterJob"/>
    <property name="java.specification.version" value="1.8"/>
    <property name="file.encoding" value="Cp1252"/>
    <property name="user.name" value="tsid14"/>
    <property name="java.class.path" value="/C:/Users/tsid14/java/eclipse/plugins/org.eclipse.m2e.maven.runtime_1.7.0.20160603-1931/jars/plexus-classworlds-2.5.2.jar"/>
    <property name="java.vm.specification.version" value="1.8"/>
    <property name="sun.arch.data.model" value="64"/>
    <property name="java.home" value="C:\Program Files\Java\jdk1.8.0_121\jre"/>
    <property name="sun.java.command" value="org.codehaus.plexus.classworlds.launcher.Launcher -B clean install"/>
    <property name="java.specification.vendor" value="Oracle Corporation"/>
    <property name="user.language" value="en"/>
    <property name="awt.toolkit" value="sun.awt.windows.WToolkit"/>
    <property name="java.vm.info" value="mixed mode"/>
    <property name="java.version" value="1.8.0_121"/>
    <property name="java.ext.dirs" value="C:\Program Files\Java\jdk1.8.0_121\jre\lib\ext;C:\WINDOWS\Sun\Java\lib\ext"/>
    <property name="sun.boot.class.path" value="C:\Program Files\Java\jdk1.8.0_121\jre\lib\resources.jar;C:\Program Files\Java\jdk1.8.0_121\jre\lib\rt.jar;C:\Program Files\Java\jdk1.8.0_121\jre\lib\sunrsasign.jar;C:\Program Files\Java\jdk1.8.0_121\jre\lib\jsse.jar;C:\Program Files\Java\jdk1.8.0_121\jre\lib\jce.jar;C:\Program Files\Java\jdk1.8.0_121\jre\lib\charsets.jar;C:\Program Files\Java\jdk1.8.0_121\jre\lib\jfr.jar;C:\Program Files\Java\jdk1.8.0_121\jre\classes"/>
    <property name="java.vendor" value="Oracle Corporation"/>
    <property name="maven.home" value="C:\Users\tsid14\bdd-training\MovieCatalog\EMBEDDED"/>
    <property name="file.separator" value="\"/>
    <property name="java.vendor.url.bug" value="http://bugreport.sun.com/bugreport/"/>
    <property name="sun.cpu.endian" value="little"/>
    <property name="sun.io.unicode.encoding" value="UnicodeLittle"/>
    <property name="sun.desktop" value="windows"/>
    <property name="sun.cpu.isalist" value="amd64"/>
  </properties>
  <testcase classname="Scenario: Search movies by title" name="Given a movie with the title &apos;Inside Out&apos;, produced by &apos;Pixar&apos;, released 19 June 2015" time="0.002"/>
  <testcase classname="Scenario: Search movies by title" name="And a movie with the title &apos;Out of Africa&apos;, produced by &apos;Universal Pictures&apos;, released 20 December 1985" time="0.001"/>
  <testcase classname="Scenario: Search movies by title" name="And a movie with the title &apos;Avatar&apos;, produced by &apos;20th Century Fox&apos;, released 18 December 2009" time="0"/>
  <testcase classname="Scenario: Search movies by title" name="When the customer searches for movies with the keyword &apos;out&apos;" time="0"/>
  <testcase classname="Scenario: Search movies by title" name="Then 2 movie should have been found" time="0"/>
  <testcase classname="Scenario: Search movies by title" name="And the catalog should have 3 total movies" time="0"/>
  <testcase classname="Scenario: Search movies by title" name="Scenario: Search movies by title" time="0"/>
  <testcase classname="Scenario: Search movies by order" name="Given a movie with the title &apos;Inside Out&apos;, produced by &apos;Pixar&apos;, released 19 June 2015" time="0"/>
  <testcase classname="Scenario: Search movies by order" name="And a movie with the title &apos;Out of Africa&apos;, produced by &apos;Universal Pictures&apos;, released 20 December 1985" time="0"/>
  <testcase classname="Scenario: Search movies by order" name="And a movie with the title &apos;Avatar&apos;, produced by &apos;20th Century Fox&apos;, released 18 December 2009" time="0"/>
  <testcase classname="Scenario: Search movies by order" name="When the customer searches for the third movie" time="0"/>
  <testcase classname="Scenario: Search movies by order" name="Then 1 movie should have been found" time="0"/>
  <testcase classname="Scenario: Search movies by order" name="And the movie title should be &apos;Avatar&apos;" time="0"/>
  <testcase classname="Scenario: Search movies by order" name="Scenario: Search movies by order" time="0"/>
  <testcase classname="| &apos;out&apos; | 2 |" name="Given a movie with the title &apos;Inside Out&apos;, produced by &apos;Pixar&apos;, released 19 June 2015" time="0"/>
  <testcase classname="| &apos;out&apos; | 2 |" name="And a movie with the title &apos;Out of Africa&apos;, produced by &apos;Universal Pictures&apos;, released 20 December 1985" time="0"/>
  <testcase classname="| &apos;out&apos; | 2 |" name="And a movie with the title &apos;Avatar&apos;, produced by &apos;20th Century Fox&apos;, released 18 December 2009" time="0.001"/>
  <testcase classname="| &apos;out&apos; | 2 |" name="When the customer searches for movies with the keyword &apos;out&apos;" time="0"/>
  <testcase classname="| &apos;out&apos; | 2 |" name="Then 2 movie should have been found" time="0"/>
  <testcase classname="| &apos;out&apos; | 2 |" name="And the catalog should have 3 total movies" time="0"/>
  <testcase classname="| &apos;out&apos; | 2 |" name="| &apos;out&apos; | 2 |" time="0.001"/>
  <testcase classname="| &apos;africa&apos; | 1 |" name="Given a movie with the title &apos;Inside Out&apos;, produced by &apos;Pixar&apos;, released 19 June 2015" time="0"/>
  <testcase classname="| &apos;africa&apos; | 1 |" name="And a movie with the title &apos;Out of Africa&apos;, produced by &apos;Universal Pictures&apos;, released 20 December 1985" time="0"/>
  <testcase classname="| &apos;africa&apos; | 1 |" name="And a movie with the title &apos;Avatar&apos;, produced by &apos;20th Century Fox&apos;, released 18 December 2009" time="0"/>
  <testcase classname="| &apos;africa&apos; | 1 |" name="When the customer searches for movies with the keyword &apos;africa&apos;" time="0"/>
  <testcase classname="| &apos;africa&apos; | 1 |" name="Then 1 movie should have been found" time="0"/>
  <testcase classname="| &apos;africa&apos; | 1 |" name="And the catalog should have 3 total movies" time="0"/>
  <testcase classname="| &apos;africa&apos; | 1 |" name="| &apos;africa&apos; | 1 |" time="0"/>
  <testcase classname="| &apos;Inside&apos; | 1 |" name="Given a movie with the title &apos;Inside Out&apos;, produced by &apos;Pixar&apos;, released 19 June 2015" time="0"/>
  <testcase classname="| &apos;Inside&apos; | 1 |" name="And a movie with the title &apos;Out of Africa&apos;, produced by &apos;Universal Pictures&apos;, released 20 December 1985" time="0"/>
  <testcase classname="| &apos;Inside&apos; | 1 |" name="And a movie with the title &apos;Avatar&apos;, produced by &apos;20th Century Fox&apos;, released 18 December 2009" time="0"/>
  <testcase classname="| &apos;Inside&apos; | 1 |" name="When the customer searches for movies with the keyword &apos;Inside&apos;" time="0"/>
  <testcase classname="| &apos;Inside&apos; | 1 |" name="Then 1 movie should have been found" time="0"/>
  <testcase classname="| &apos;Inside&apos; | 1 |" name="And the catalog should have 3 total movies" time="0"/>
  <testcase classname="| &apos;Inside&apos; | 1 |" name="| &apos;Inside&apos; | 1 |" time="0"/>
  <testcase classname="| &apos;Ocean&apos; | 0 |" name="Given a movie with the title &apos;Inside Out&apos;, produced by &apos;Pixar&apos;, released 19 June 2015" time="0"/>
  <testcase classname="| &apos;Ocean&apos; | 0 |" name="And a movie with the title &apos;Out of Africa&apos;, produced by &apos;Universal Pictures&apos;, released 20 December 1985" time="0"/>
  <testcase classname="| &apos;Ocean&apos; | 0 |" name="And a movie with the title &apos;Avatar&apos;, produced by &apos;20th Century Fox&apos;, released 18 December 2009" time="0"/>
  <testcase classname="| &apos;Ocean&apos; | 0 |" name="When the customer searches for movies with the keyword &apos;Ocean&apos;" time="0"/>
  <testcase classname="| &apos;Ocean&apos; | 0 |" name="Then 0 movie should have been found" time="0"/>
  <testcase classname="| &apos;Ocean&apos; | 0 |" name="And the catalog should have 3 total movies" time="0"/>
  <testcase classname="| &apos;Ocean&apos; | 0 |" name="| &apos;Ocean&apos; | 0 |" time="0"/>
  <testcase classname="Scenario: SCENARIO 1" name="Given the catalog has an initial size of 0 movies" time="0"/>
  <testcase classname="Scenario: SCENARIO 1" name="When a movie with a title &apos;WALL-E&apos; and a producer &apos;Pixar&apos; with the release date of 27 June 2008 is added" time="0"/>
  <testcase classname="Scenario: SCENARIO 1" name="And a movie with a title &apos;Aladin&apos; and a producer &apos;Disney&apos; with the release date of 25 November 1992 is added" time="0"/>
  <testcase classname="Scenario: SCENARIO 1" name="Then the catalog has 2 movies" time="0"/>
  <testcase classname="Scenario: SCENARIO 1" name="Scenario: SCENARIO 1" time="0"/>
  <testcase classname="Scenario: SCENARIO 2" name="Given the catalog has an initial size of 0 movies" time="0"/>
  <testcase classname="Scenario: SCENARIO 2" name="When no movies are added" time="0"/>
  <testcase classname="Scenario: SCENARIO 2" name="Then the catalog has 0 movies" time="0"/>
  <testcase classname="Scenario: SCENARIO 2" name="Scenario: SCENARIO 2" time="0"/>
  <testcase classname="Scenario: SCENARIO 3" name="Given the catalog has an initial size of 0 movies" time="0"/>
  <testcase classname="Scenario: SCENARIO 3" name="When the following movies are added:" time="0"/>
  <testcase classname="Scenario: SCENARIO 3" name="Then the catalog has 2 movies" time="0"/>
  <testcase classname="Scenario: SCENARIO 3" name="Scenario: SCENARIO 3" time="0"/>
</testsuite>